{"name":"dataserver","hostname":"CATHY","pid":15308,"level":20,"array":[{"_TypeKey":"User","EmailAddress":"maltezefalkon@gmail.com","UserName":"maltezefalkon@gmail.com","Hash":"$2a$10$OHEorGhfNniiTl/dHAXDfepQ.wNiEzLGDaxgDUZfqkMIqhXXUbUBC","LinkedEducator":{"_TypeKey":"Educator","Title":"Mr.","FirstName":"Dan","MiddleName":"","LastName":"Cassar","Suffix":"","FormerName":"","DateOfBirth":"1974-06-06","Last4":"5307","PPID":"1234567","EmailAddress":"maltezefalkon@gmail.com","TelephoneNumber":"6106673746","Address1":"8102 Flourtown Ave","Address2":"","City":"Wyndmoor","State":"PA","ZipCode":"19038"}}],"msg":"Saving an array of 1 objects","time":"2015-08-23T19:37:21.013Z","v":0}
{"name":"dataserver","hostname":"CATHY","pid":13776,"level":20,"array":[{"_TypeKey":"User","EmailAddress":"maltezefalkon@gmail.com","UserName":"maltezefalkon@gmail.com","Hash":"$2a$10$4BLnZYHFzsffKYaolYoiTOCSwe3WumD5DlHp1vA/jEvM/6JaDcYny","LinkedEducator":{"_TypeKey":"Educator","Title":"Mr.","FirstName":"Dan","MiddleName":"","LastName":"Cassar","Suffix":"","FormerName":"","DateOfBirth":"1974-06-06","Last4":"5307","PPID":"1234567","EmailAddress":"maltezefalkon@gmail.com","TelephoneNumber":"6106673746","Address1":"8102 Flourtown Ave","Address2":"","City":"Wyndmoor","State":"PA","ZipCode":"19038"}}],"msg":"Saving an array of 1 objects","time":"2015-08-23T19:44:43.542Z","v":0}
{"name":"dataserver","hostname":"CATHY","pid":13776,"level":20,"newid":"86c97099-7a70-4942-8544-d3570d09e134","field":"UserID","typeKey":"User","msg":"Supplied key value \"86c97099-7a70-4942-8544-d3570d09e134\" for field \"UserID\" for insert of type \"User\"","time":"2015-08-23T19:44:43.542Z","v":0}
{"name":"dataserver","hostname":"CATHY","pid":13776,"level":30,"operation":"insert","typeKey":"User","obj":{"_TypeKey":"User","EmailAddress":"maltezefalkon@gmail.com","UserName":"maltezefalkon@gmail.com","Hash":"$2a$10$4BLnZYHFzsffKYaolYoiTOCSwe3WumD5DlHp1vA/jEvM/6JaDcYny","LinkedEducator":{"_TypeKey":"Educator","Title":"Mr.","FirstName":"Dan","MiddleName":"","LastName":"Cassar","Suffix":"","FormerName":"","DateOfBirth":"1974-06-06","Last4":"5307","PPID":"1234567","EmailAddress":"maltezefalkon@gmail.com","TelephoneNumber":"6106673746","Address1":"8102 Flourtown Ave","Address2":"","City":"Wyndmoor","State":"PA","ZipCode":"19038","EducatorID":"86c97099-7a70-4942-8544-d3570d09e134"},"UserID":"86c97099-7a70-4942-8544-d3570d09e134"},"msg":"Inserting User","time":"2015-08-23T19:44:43.542Z","v":0}
{"name":"dataserver","hostname":"CATHY","pid":13776,"level":20,"msg":"Examining relationship LinkedOrganization on type User","time":"2015-08-23T19:44:43.543Z","v":0}
{"name":"dataserver","hostname":"CATHY","pid":13776,"level":20,"msg":"Examining relationship LinkedEducator on type User","time":"2015-08-23T19:44:43.543Z","v":0}
{"name":"dataserver","hostname":"CATHY","pid":13776,"level":20,"promise":{"isFulfilled":false,"isRejected":false},"msg":"ready to return final promise","time":"2015-08-23T19:44:43.543Z","v":0}
{"name":"dataserver","hostname":"CATHY","pid":13776,"level":30,"msg":"Saved User successfully","time":"2015-08-23T19:44:43.547Z","v":0}
{"name":"dataserver","hostname":"CATHY","pid":13776,"level":20,"msg":"inside subobject then for LinkedEducator","time":"2015-08-23T19:44:43.547Z","v":0}
{"name":"dataserver","hostname":"CATHY","pid":13776,"level":20,"relationshipName":"LinkedEducator","relationship":{"RelationshipType":"belongsTo","ForeignKey":"linked_educator_id","RelatedTypeKey":"Educator"},"msg":"found a single subobject for relationship","time":"2015-08-23T19:44:43.547Z","v":0}
{"name":"dataserver","hostname":"CATHY","pid":13776,"level":20,"msg":"calling saveObject for single subobject for relationship LinkedEducator","time":"2015-08-23T19:44:43.547Z","v":0}
{"name":"dataserver","hostname":"CATHY","pid":13776,"level":20,"newid":"1b7f460b-d556-4452-afec-b7a717797cbc","field":"EducatorID","typeKey":"Educator","msg":"Supplied key value \"1b7f460b-d556-4452-afec-b7a717797cbc\" for field \"EducatorID\" for insert of type \"Educator\"","time":"2015-08-23T19:44:43.547Z","v":0}
{"name":"dataserver","hostname":"CATHY","pid":13776,"level":30,"operation":"insert","typeKey":"Educator","obj":{"_TypeKey":"Educator","Title":"Mr.","FirstName":"Dan","MiddleName":"","LastName":"Cassar","Suffix":"","FormerName":"","DateOfBirth":"1974-06-06","Last4":"5307","PPID":"1234567","EmailAddress":"maltezefalkon@gmail.com","TelephoneNumber":"6106673746","Address1":"8102 Flourtown Ave","Address2":"","City":"Wyndmoor","State":"PA","ZipCode":"19038","EducatorID":"1b7f460b-d556-4452-afec-b7a717797cbc"},"msg":"Inserting Educator","time":"2015-08-23T19:44:43.547Z","v":0}
{"name":"dataserver","hostname":"CATHY","pid":13776,"level":20,"msg":"Examining relationship Tenures on type Educator","time":"2015-08-23T19:44:43.548Z","v":0}
{"name":"dataserver","hostname":"CATHY","pid":13776,"level":20,"msg":"Examining relationship Documents on type Educator","time":"2015-08-23T19:44:43.548Z","v":0}
{"name":"dataserver","hostname":"CATHY","pid":13776,"level":30,"msg":"Saved Educator successfully","time":"2015-08-23T19:44:43.551Z","v":0}
{"name":"dataserver","hostname":"CATHY","pid":13776,"level":20,"msg":"completeSuccessfully invoked","time":"2015-08-23T19:44:43.553Z","v":0}
{"name":"dataserver","hostname":"CATHY","pid":7920,"level":20,"array":[{"_TypeKey":"User","EmailAddress":"maltezefalkon@gmail.com","UserName":"maltezefalkon@gmail.com","Hash":"$2a$10$K6H5QsjOl3TUk4uH3B473.LFu0Ev0K/0ZZwhUIT.gtPi7zNx9MlDy","LinkedEducator":{"_TypeKey":"Educator","Title":"Mr.","FirstName":"Dan","MiddleName":"","LastName":"Cassar","Suffix":"","FormerName":"","DateOfBirth":"1974-06-06","Last4":"5307","PPID":"1234567","EmailAddress":"maltezefalkon@gmail.com","TelephoneNumber":"6106673746","Address1":"8102 Flourtown Ave","Address2":"","City":"Wyndmoor","State":"PA","ZipCode":"19038"}}],"msg":"Saving an array of 1 objects","time":"2015-08-23T19:46:50.230Z","v":0}
{"name":"dataserver","hostname":"CATHY","pid":14812,"level":20,"array":[{"_TypeKey":"Educator","Title":"Mr.","FirstName":"Dan","MiddleName":"","LastName":"Cassar","Suffix":"","FormerName":"","DateOfBirth":"1974-06-06","Last4":"5307","PPID":"1234567","EmailAddress":"maltezefalkon@gmail.com","TelephoneNumber":"6106673746","Address1":"8102 Flourtown Ave","Address2":"","City":"Wyndmoor","State":"PA","ZipCode":"19038"}],"msg":"Saving an array of 1 objects","time":"2015-08-23T19:49:24.775Z","v":0}
{"name":"dataserver","hostname":"CATHY","pid":14812,"level":20,"newid":"015fea38-80ac-4c72-b36a-61c041224ece","field":"EducatorID","typeKey":"Educator","msg":"Supplied key value \"015fea38-80ac-4c72-b36a-61c041224ece\" for field \"EducatorID\" for insert of type \"Educator\"","time":"2015-08-23T19:49:24.775Z","v":0}
{"name":"dataserver","hostname":"CATHY","pid":14812,"level":30,"operation":"insert","typeKey":"Educator","obj":{"_TypeKey":"Educator","Title":"Mr.","FirstName":"Dan","MiddleName":"","LastName":"Cassar","Suffix":"","FormerName":"","DateOfBirth":"1974-06-06","Last4":"5307","PPID":"1234567","EmailAddress":"maltezefalkon@gmail.com","TelephoneNumber":"6106673746","Address1":"8102 Flourtown Ave","Address2":"","City":"Wyndmoor","State":"PA","ZipCode":"19038","EducatorID":"015fea38-80ac-4c72-b36a-61c041224ece"},"msg":"Inserting Educator","time":"2015-08-23T19:49:24.775Z","v":0}
{"name":"dataserver","hostname":"CATHY","pid":14812,"level":20,"msg":"Examining relationship Tenures on type Educator","time":"2015-08-23T19:49:24.776Z","v":0}
{"name":"dataserver","hostname":"CATHY","pid":14812,"level":20,"msg":"Examining relationship Documents on type Educator","time":"2015-08-23T19:49:24.776Z","v":0}
{"name":"dataserver","hostname":"CATHY","pid":14812,"level":20,"promise":{"isFulfilled":false,"isRejected":false},"msg":"ready to return final promise","time":"2015-08-23T19:49:24.776Z","v":0}
{"name":"dataserver","hostname":"CATHY","pid":14812,"level":30,"msg":"Saved Educator successfully","time":"2015-08-23T19:49:24.780Z","v":0}
{"name":"dataserver","hostname":"CATHY","pid":14812,"level":20,"msg":"completeSuccessfully invoked","time":"2015-08-23T19:49:24.782Z","v":0}
{"name":"dataserver","hostname":"CATHY","pid":12864,"level":20,"array":[{"_TypeKey":"Educator","Title":"Mr.","FirstName":"Dan","MiddleName":"","LastName":"Cassar","Suffix":"","FormerName":"","DateOfBirth":"1974-06-06","Last4":"5307","PPID":"1234567","EmailAddress":"maltezefalkon@gmail.com","TelephoneNumber":"6106673746","Address1":"8102 Flourtown Ave","Address2":"","City":"Wyndmoor","State":"PA","ZipCode":"19038","LinkedUser":{"_TypeKey":"User","EmailAddress":"maltezefalkon@gmail.com","UserName":"maltezefalkon@gmail.com","Hash":"$2a$10$iIoB946OAqkIUvO5bUojAO6laymNx5IpOCtBiE2/uzMZfj7U7f13y"}}],"msg":"Saving an array of 1 objects","time":"2015-08-23T19:57:57.904Z","v":0}
{"name":"dataserver","hostname":"CATHY","pid":14868,"level":20,"array":[{"_TypeKey":"Educator","Title":"Mr.","FirstName":"Dan","MiddleName":"","LastName":"Cassar","Suffix":"","FormerName":"","DateOfBirth":"1974-06-06","Last4":"5307","PPID":"1234567","EmailAddress":"maltezefalkon@gmail.com","TelephoneNumber":"6106673746","Address1":"8102 Flourtown Ave","Address2":"","City":"Wyndmoor","State":"PA","ZipCode":"19038","LinkedUser":{"_TypeKey":"User","EmailAddress":"maltezefalkon@gmail.com","UserName":"maltezefalkon@gmail.com","Hash":"$2a$10$04SkitKwrxbA3jx4Bx5RreqzsdiJ3KtdcUXrdTRkJZWSQQ8MuHbi6"}}],"msg":"Saving an array of 1 objects","time":"2015-08-23T20:01:17.451Z","v":0}
{"name":"dataserver","hostname":"CATHY","pid":14868,"level":20,"newid":"4c4bb8b1-06ff-4d47-b420-fa99766a7547","field":"EducatorID","typeKey":"Educator","msg":"Supplied key value \"4c4bb8b1-06ff-4d47-b420-fa99766a7547\" for field \"EducatorID\" for insert of type \"Educator\"","time":"2015-08-23T20:01:17.452Z","v":0}
{"name":"dataserver","hostname":"CATHY","pid":14868,"level":30,"operation":"insert","typeKey":"Educator","obj":{"_TypeKey":"Educator","Title":"Mr.","FirstName":"Dan","MiddleName":"","LastName":"Cassar","Suffix":"","FormerName":"","DateOfBirth":"1974-06-06","Last4":"5307","PPID":"1234567","EmailAddress":"maltezefalkon@gmail.com","TelephoneNumber":"6106673746","Address1":"8102 Flourtown Ave","Address2":"","City":"Wyndmoor","State":"PA","ZipCode":"19038","LinkedUser":{"_TypeKey":"User","EmailAddress":"maltezefalkon@gmail.com","UserName":"maltezefalkon@gmail.com","Hash":"$2a$10$04SkitKwrxbA3jx4Bx5RreqzsdiJ3KtdcUXrdTRkJZWSQQ8MuHbi6","LinkedEducatorID":"4c4bb8b1-06ff-4d47-b420-fa99766a7547"},"EducatorID":"4c4bb8b1-06ff-4d47-b420-fa99766a7547"},"msg":"Inserting Educator","time":"2015-08-23T20:01:31.360Z","v":0}
{"name":"dataserver","hostname":"CATHY","pid":14868,"level":20,"msg":"Examining relationship Tenures on type Educator","time":"2015-08-23T20:01:31.363Z","v":0}
{"name":"dataserver","hostname":"CATHY","pid":14868,"level":20,"msg":"Examining relationship Documents on type Educator","time":"2015-08-23T20:01:31.363Z","v":0}
{"name":"dataserver","hostname":"CATHY","pid":14868,"level":20,"msg":"Examining relationship LinkedUser on type Educator","time":"2015-08-23T20:01:31.363Z","v":0}
{"name":"dataserver","hostname":"CATHY","pid":14868,"level":20,"promise":{"isFulfilled":false,"isRejected":false},"msg":"ready to return final promise","time":"2015-08-23T20:01:31.363Z","v":0}
{"name":"dataserver","hostname":"CATHY","pid":14868,"level":30,"msg":"Saved Educator successfully","time":"2015-08-23T20:01:31.373Z","v":0}
{"name":"dataserver","hostname":"CATHY","pid":14868,"level":20,"msg":"inside subobject then for LinkedUser","time":"2015-08-23T20:01:31.373Z","v":0}
{"name":"dataserver","hostname":"CATHY","pid":14868,"level":20,"relationshipName":"LinkedUser","relationship":{"RelationshipType":"hasOne","RelatedTypeKey":"User","ForeignKey":"linked_educator_id"},"msg":"found a single subobject for relationship","time":"2015-08-23T20:01:31.373Z","v":0}
{"name":"dataserver","hostname":"CATHY","pid":14868,"level":20,"msg":"calling saveObject for single subobject for relationship LinkedUser","time":"2015-08-23T20:01:31.374Z","v":0}
{"name":"dataserver","hostname":"CATHY","pid":14868,"level":20,"newid":"8cfa44d5-d97c-4010-bb9f-e7110efa4335","field":"UserID","typeKey":"User","msg":"Supplied key value \"8cfa44d5-d97c-4010-bb9f-e7110efa4335\" for field \"UserID\" for insert of type \"User\"","time":"2015-08-23T20:01:31.374Z","v":0}
{"name":"dataserver","hostname":"CATHY","pid":14868,"level":30,"operation":"insert","typeKey":"User","obj":{"_TypeKey":"User","EmailAddress":"maltezefalkon@gmail.com","UserName":"maltezefalkon@gmail.com","Hash":"$2a$10$04SkitKwrxbA3jx4Bx5RreqzsdiJ3KtdcUXrdTRkJZWSQQ8MuHbi6","LinkedEducatorID":"4c4bb8b1-06ff-4d47-b420-fa99766a7547","UserID":"8cfa44d5-d97c-4010-bb9f-e7110efa4335"},"msg":"Inserting User","time":"2015-08-23T20:01:31.374Z","v":0}
{"name":"dataserver","hostname":"CATHY","pid":14868,"level":20,"msg":"Examining relationship LinkedOrganization on type User","time":"2015-08-23T20:01:31.376Z","v":0}
{"name":"dataserver","hostname":"CATHY","pid":14868,"level":20,"msg":"Examining relationship LinkedEducator on type User","time":"2015-08-23T20:01:31.376Z","v":0}
{"name":"dataserver","hostname":"CATHY","pid":14868,"level":30,"msg":"Saved User successfully","time":"2015-08-23T20:01:31.381Z","v":0}
{"name":"dataserver","hostname":"CATHY","pid":14868,"level":20,"msg":"completeSuccessfully invoked","time":"2015-08-23T20:01:31.383Z","v":0}
{"name":"dataserver","hostname":"CATHY","pid":2908,"level":20,"array":[{"_TypeKey":"Educator","Title":"Ms.","FirstName":"Erin","MiddleName":"Alyssa","LastName":"Cassar","Suffix":"","FormerName":"Erin McCrossan","DateOfBirth":"1981-04-23","Last4":"1234","PPID":"7894566","EmailAddress":"erin@cassar.org","TelephoneNumber":"555-1212","Address1":"8102 Flourtown Ave","Address2":"","City":"Wyndmoor","State":"PA","ZipCode":"19038","LinkedUser":{"_TypeKey":"User","EmailAddress":"erin@cassar.org","UserName":"erin@cassar.org","Hash":"$2a$10$2YFUkUrkKcDLq9S8LNMHCOLwS0D6UKWpO1joKsmB/zS8aFjqhSWb6"}}],"msg":"Saving an array of 1 objects","time":"2015-09-03T12:22:31.230Z","v":0}
{"name":"dataserver","hostname":"CATHY","pid":2908,"level":20,"newid":"380d855b-1f08-4371-b100-7d03bba4b776","field":"EducatorID","typeKey":"Educator","msg":"Supplied key value \"380d855b-1f08-4371-b100-7d03bba4b776\" for field \"EducatorID\" for insert of type \"Educator\"","time":"2015-09-03T12:22:31.230Z","v":0}
{"name":"dataserver","hostname":"CATHY","pid":2908,"level":30,"operation":"insert","typeKey":"Educator","obj":{"_TypeKey":"Educator","Title":"Ms.","FirstName":"Erin","MiddleName":"Alyssa","LastName":"Cassar","Suffix":"","FormerName":"Erin McCrossan","DateOfBirth":"1981-04-23","Last4":"1234","PPID":"7894566","EmailAddress":"erin@cassar.org","TelephoneNumber":"555-1212","Address1":"8102 Flourtown Ave","Address2":"","City":"Wyndmoor","State":"PA","ZipCode":"19038","LinkedUser":{"_TypeKey":"User","EmailAddress":"erin@cassar.org","UserName":"erin@cassar.org","Hash":"$2a$10$2YFUkUrkKcDLq9S8LNMHCOLwS0D6UKWpO1joKsmB/zS8aFjqhSWb6","LinkedEducatorID":"380d855b-1f08-4371-b100-7d03bba4b776"},"EducatorID":"380d855b-1f08-4371-b100-7d03bba4b776"},"msg":"Inserting Educator","time":"2015-09-03T12:22:44.806Z","v":0}
{"name":"dataserver","hostname":"CATHY","pid":2908,"level":20,"msg":"Examining relationship Tenures on type Educator","time":"2015-09-03T12:22:44.807Z","v":0}
{"name":"dataserver","hostname":"CATHY","pid":2908,"level":20,"msg":"Examining relationship Documents on type Educator","time":"2015-09-03T12:22:44.807Z","v":0}
{"name":"dataserver","hostname":"CATHY","pid":2908,"level":20,"msg":"Examining relationship LinkedUser on type Educator","time":"2015-09-03T12:22:44.807Z","v":0}
{"name":"dataserver","hostname":"CATHY","pid":2908,"level":20,"promise":{"isFulfilled":false,"isRejected":false},"msg":"ready to return final promise","time":"2015-09-03T12:22:44.807Z","v":0}
{"name":"dataserver","hostname":"CATHY","pid":2908,"level":30,"msg":"Saved Educator successfully","time":"2015-09-03T12:22:45.839Z","v":0}
{"name":"dataserver","hostname":"CATHY","pid":2908,"level":20,"msg":"inside subobject then for LinkedUser","time":"2015-09-03T12:22:45.840Z","v":0}
{"name":"dataserver","hostname":"CATHY","pid":2908,"level":20,"relationshipName":"LinkedUser","relationship":{"RelationshipType":"hasOne","RelatedTypeKey":"User","ForeignKey":"linked_educator_id"},"msg":"found a single subobject for relationship","time":"2015-09-03T12:22:45.840Z","v":0}
{"name":"dataserver","hostname":"CATHY","pid":2908,"level":20,"msg":"calling saveObject for single subobject for relationship LinkedUser","time":"2015-09-03T12:22:45.840Z","v":0}
{"name":"dataserver","hostname":"CATHY","pid":2908,"level":20,"newid":"dca509a3-7f9e-40b8-9894-7d127b9fbc76","field":"UserID","typeKey":"User","msg":"Supplied key value \"dca509a3-7f9e-40b8-9894-7d127b9fbc76\" for field \"UserID\" for insert of type \"User\"","time":"2015-09-03T12:22:45.840Z","v":0}
{"name":"dataserver","hostname":"CATHY","pid":2908,"level":30,"operation":"insert","typeKey":"User","obj":{"_TypeKey":"User","EmailAddress":"erin@cassar.org","UserName":"erin@cassar.org","Hash":"$2a$10$2YFUkUrkKcDLq9S8LNMHCOLwS0D6UKWpO1joKsmB/zS8aFjqhSWb6","LinkedEducatorID":"380d855b-1f08-4371-b100-7d03bba4b776","UserID":"dca509a3-7f9e-40b8-9894-7d127b9fbc76"},"msg":"Inserting User","time":"2015-09-03T12:22:45.840Z","v":0}
{"name":"dataserver","hostname":"CATHY","pid":2908,"level":20,"msg":"Examining relationship LinkedOrganization on type User","time":"2015-09-03T12:22:45.841Z","v":0}
{"name":"dataserver","hostname":"CATHY","pid":2908,"level":20,"msg":"Examining relationship LinkedEducator on type User","time":"2015-09-03T12:22:45.841Z","v":0}
{"name":"dataserver","hostname":"CATHY","pid":2908,"level":30,"msg":"Saved User successfully","time":"2015-09-03T12:22:45.947Z","v":0}
{"name":"dataserver","hostname":"CATHY","pid":2908,"level":20,"msg":"completeSuccessfully invoked","time":"2015-09-03T12:22:45.990Z","v":0}
