{"name":"metadata","hostname":"CATHY","pid":11560,"level":30,"msg":"setting up database","time":"2015-09-04T14:29:45.804Z","v":0}
{"name":"metadata","hostname":"CATHY","pid":11560,"level":20,"msg":"processing metadata file DocumentDefinition.json","time":"2015-09-04T14:29:45.806Z","v":0}
{"name":"metadata","hostname":"CATHY","pid":11560,"level":20,"msg":"processing metadata file DocumentDefinitionField.json","time":"2015-09-04T14:29:45.810Z","v":0}
{"name":"metadata","hostname":"CATHY","pid":11560,"level":20,"msg":"processing metadata file DocumentInstance.json","time":"2015-09-04T14:29:45.813Z","v":0}
{"name":"metadata","hostname":"CATHY","pid":11560,"level":20,"msg":"processing metadata file DocumentInstanceField.json","time":"2015-09-04T14:29:45.815Z","v":0}
{"name":"metadata","hostname":"CATHY","pid":11560,"level":20,"msg":"processing metadata file Educator.json","time":"2015-09-04T14:29:45.816Z","v":0}
{"name":"metadata","hostname":"CATHY","pid":11560,"level":20,"msg":"processing metadata file Organization.json","time":"2015-09-04T14:29:45.817Z","v":0}
{"name":"metadata","hostname":"CATHY","pid":11560,"level":20,"msg":"processing metadata file OrganizationType.json","time":"2015-09-04T14:29:45.818Z","v":0}
{"name":"metadata","hostname":"CATHY","pid":11560,"level":20,"msg":"processing metadata file Tenure.json","time":"2015-09-04T14:29:45.819Z","v":0}
{"name":"metadata","hostname":"CATHY","pid":11560,"level":20,"msg":"processing metadata file User.json","time":"2015-09-04T14:29:45.820Z","v":0}
{"name":"metadata","hostname":"CATHY","pid":11560,"level":20,"msg":"setting up relationships","time":"2015-09-04T14:29:45.820Z","v":0}
{"name":"metadata","hostname":"CATHY","pid":11560,"level":20,"msg":"DocumentDefinition hasMany DocumentDefinitionField","time":"2015-09-04T14:29:45.820Z","v":0}
{"name":"metadata","hostname":"CATHY","pid":11560,"level":20,"msg":"DocumentDefinitionField belongsTo DocumentDefinition","time":"2015-09-04T14:29:45.823Z","v":0}
{"name":"metadata","hostname":"CATHY","pid":11560,"level":20,"msg":"DocumentInstance belongsTo DocumentDefinition","time":"2015-09-04T14:29:45.824Z","v":0}
{"name":"metadata","hostname":"CATHY","pid":11560,"level":20,"msg":"DocumentInstance belongsTo Educator","time":"2015-09-04T14:29:45.825Z","v":0}
{"name":"metadata","hostname":"CATHY","pid":11560,"level":20,"msg":"DocumentInstance belongsTo Tenure","time":"2015-09-04T14:29:45.826Z","v":0}
{"name":"metadata","hostname":"CATHY","pid":11560,"level":20,"msg":"DocumentInstance belongsTo Tenure","time":"2015-09-04T14:29:45.826Z","v":0}
{"name":"metadata","hostname":"CATHY","pid":11560,"level":20,"msg":"DocumentInstance hasMany DocumentInstanceField","time":"2015-09-04T14:29:45.827Z","v":0}
{"name":"metadata","hostname":"CATHY","pid":11560,"level":20,"msg":"DocumentInstanceField belongsTo DocumentInstance","time":"2015-09-04T14:29:45.828Z","v":0}
{"name":"metadata","hostname":"CATHY","pid":11560,"level":20,"msg":"DocumentInstanceField belongsTo DocumentDefinitionField","time":"2015-09-04T14:29:45.829Z","v":0}
{"name":"metadata","hostname":"CATHY","pid":11560,"level":20,"msg":"Educator hasMany Tenure","time":"2015-09-04T14:29:45.829Z","v":0}
{"name":"metadata","hostname":"CATHY","pid":11560,"level":20,"msg":"Educator hasMany DocumentInstance","time":"2015-09-04T14:29:45.832Z","v":0}
{"name":"metadata","hostname":"CATHY","pid":11560,"level":20,"msg":"Educator hasOne User","time":"2015-09-04T14:29:45.834Z","v":0}
{"name":"metadata","hostname":"CATHY","pid":11560,"level":20,"msg":"Organization belongsTo OrganizationType","time":"2015-09-04T14:29:45.834Z","v":0}
{"name":"metadata","hostname":"CATHY","pid":11560,"level":20,"msg":"Organization hasMany Tenure","time":"2015-09-04T14:29:45.835Z","v":0}
{"name":"metadata","hostname":"CATHY","pid":11560,"level":20,"msg":"Tenure belongsTo Organization","time":"2015-09-04T14:29:45.835Z","v":0}
{"name":"metadata","hostname":"CATHY","pid":11560,"level":20,"msg":"Tenure belongsTo Educator","time":"2015-09-04T14:29:45.836Z","v":0}
{"name":"metadata","hostname":"CATHY","pid":11560,"level":20,"msg":"Tenure hasMany DocumentInstance","time":"2015-09-04T14:29:45.836Z","v":0}
{"name":"metadata","hostname":"CATHY","pid":11560,"level":20,"msg":"Tenure hasMany DocumentInstance","time":"2015-09-04T14:29:45.837Z","v":0}
{"name":"metadata","hostname":"CATHY","pid":11560,"level":20,"msg":"User belongsTo Organization","time":"2015-09-04T14:29:45.838Z","v":0}
{"name":"metadata","hostname":"CATHY","pid":11560,"level":20,"msg":"User belongsTo Educator","time":"2015-09-04T14:29:45.838Z","v":0}
{"name":"metadata","hostname":"CATHY","pid":11560,"level":30,"msg":"setting up database","time":"2015-09-04T14:29:46.084Z","v":0}
{"name":"metadata","hostname":"CATHY","pid":11560,"level":20,"msg":"processing metadata file DocumentDefinition.json","time":"2015-09-04T14:29:46.084Z","v":0}
{"name":"metadata","hostname":"CATHY","pid":11560,"level":20,"msg":"processing metadata file DocumentDefinitionField.json","time":"2015-09-04T14:29:46.085Z","v":0}
{"name":"metadata","hostname":"CATHY","pid":11560,"level":20,"msg":"processing metadata file DocumentInstance.json","time":"2015-09-04T14:29:46.086Z","v":0}
{"name":"metadata","hostname":"CATHY","pid":11560,"level":20,"msg":"processing metadata file DocumentInstanceField.json","time":"2015-09-04T14:29:46.087Z","v":0}
{"name":"metadata","hostname":"CATHY","pid":11560,"level":20,"msg":"processing metadata file Educator.json","time":"2015-09-04T14:29:46.087Z","v":0}
{"name":"metadata","hostname":"CATHY","pid":11560,"level":20,"msg":"processing metadata file Organization.json","time":"2015-09-04T14:29:46.088Z","v":0}
{"name":"metadata","hostname":"CATHY","pid":11560,"level":20,"msg":"processing metadata file OrganizationType.json","time":"2015-09-04T14:29:46.089Z","v":0}
{"name":"metadata","hostname":"CATHY","pid":11560,"level":20,"msg":"processing metadata file Tenure.json","time":"2015-09-04T14:29:46.090Z","v":0}
{"name":"metadata","hostname":"CATHY","pid":11560,"level":20,"msg":"processing metadata file User.json","time":"2015-09-04T14:29:46.091Z","v":0}
{"name":"metadata","hostname":"CATHY","pid":11560,"level":20,"msg":"setting up relationships","time":"2015-09-04T14:29:46.091Z","v":0}
{"name":"metadata","hostname":"CATHY","pid":11560,"level":20,"msg":"DocumentDefinition hasMany DocumentDefinitionField","time":"2015-09-04T14:29:46.091Z","v":0}
{"name":"metadata","hostname":"CATHY","pid":11560,"level":20,"msg":"DocumentDefinitionField belongsTo DocumentDefinition","time":"2015-09-04T14:29:46.092Z","v":0}
{"name":"metadata","hostname":"CATHY","pid":11560,"level":20,"msg":"DocumentInstance belongsTo DocumentDefinition","time":"2015-09-04T14:29:46.093Z","v":0}
{"name":"metadata","hostname":"CATHY","pid":11560,"level":20,"msg":"DocumentInstance belongsTo Educator","time":"2015-09-04T14:29:46.093Z","v":0}
{"name":"metadata","hostname":"CATHY","pid":11560,"level":20,"msg":"DocumentInstance belongsTo Tenure","time":"2015-09-04T14:29:46.094Z","v":0}
{"name":"metadata","hostname":"CATHY","pid":11560,"level":20,"msg":"DocumentInstance belongsTo Tenure","time":"2015-09-04T14:29:46.094Z","v":0}
{"name":"metadata","hostname":"CATHY","pid":11560,"level":20,"msg":"DocumentInstance hasMany DocumentInstanceField","time":"2015-09-04T14:29:46.094Z","v":0}
{"name":"metadata","hostname":"CATHY","pid":11560,"level":20,"msg":"DocumentInstanceField belongsTo DocumentInstance","time":"2015-09-04T14:29:46.095Z","v":0}
{"name":"metadata","hostname":"CATHY","pid":11560,"level":20,"msg":"DocumentInstanceField belongsTo DocumentDefinitionField","time":"2015-09-04T14:29:46.095Z","v":0}
{"name":"metadata","hostname":"CATHY","pid":11560,"level":20,"msg":"Educator hasMany Tenure","time":"2015-09-04T14:29:46.096Z","v":0}
{"name":"metadata","hostname":"CATHY","pid":11560,"level":20,"msg":"Educator hasMany DocumentInstance","time":"2015-09-04T14:29:46.097Z","v":0}
{"name":"metadata","hostname":"CATHY","pid":11560,"level":20,"msg":"Educator hasOne User","time":"2015-09-04T14:29:46.097Z","v":0}
{"name":"metadata","hostname":"CATHY","pid":11560,"level":20,"msg":"Organization belongsTo OrganizationType","time":"2015-09-04T14:29:46.098Z","v":0}
{"name":"metadata","hostname":"CATHY","pid":11560,"level":20,"msg":"Organization hasMany Tenure","time":"2015-09-04T14:29:46.099Z","v":0}
{"name":"metadata","hostname":"CATHY","pid":11560,"level":20,"msg":"Tenure belongsTo Organization","time":"2015-09-04T14:29:46.099Z","v":0}
{"name":"metadata","hostname":"CATHY","pid":11560,"level":20,"msg":"Tenure belongsTo Educator","time":"2015-09-04T14:29:46.100Z","v":0}
{"name":"metadata","hostname":"CATHY","pid":11560,"level":20,"msg":"Tenure hasMany DocumentInstance","time":"2015-09-04T14:29:46.100Z","v":0}
{"name":"metadata","hostname":"CATHY","pid":11560,"level":20,"msg":"Tenure hasMany DocumentInstance","time":"2015-09-04T14:29:46.101Z","v":0}
{"name":"metadata","hostname":"CATHY","pid":11560,"level":20,"msg":"User belongsTo Organization","time":"2015-09-04T14:29:46.102Z","v":0}
{"name":"metadata","hostname":"CATHY","pid":11560,"level":20,"msg":"User belongsTo Educator","time":"2015-09-04T14:29:46.102Z","v":0}
